
Showing logs for build [32mcb-kubecd-bdd-ghfjxy-import-158-qtcnt-1[0m stage [32mrun-make[0m and container [32mstep-credential-initializer-snmcq[0m
{"level":"info","ts":1588131601.0513573,"logger":"fallback-logger","caller":"logging/config.go:69","msg":"Fetch GitHub commit ID from kodata failed: open /var/run/ko/refs/heads/0.8.0-ns-support: no such file or directory"}
{"level":"info","ts":1588131601.0553193,"logger":"fallback-logger","caller":"creds-init/main.go:40","msg":"Credentials initialized."}

Showing logs for build [32mcb-kubecd-bdd-ghfjxy-import-158-qtcnt-1[0m stage [32mrun-make[0m and container [32mstep-working-dir-initializer-bt7sn[0m
{"level":"info","ts":1588131602.18845,"logger":"fallback-logger","caller":"logging/config.go:69","msg":"Fetch GitHub commit ID from kodata failed: open /var/run/ko/HEAD: no such file or directory"}
{"level":"info","ts":1588131602.1897798,"logger":"fallback-logger","caller":"bash/main.go:64","msg":"Successfully executed command \"sh -c mkdir -p /workspace/source\"; output "}

Showing logs for build [32mcb-kubecd-bdd-ghfjxy-import-158-qtcnt-1[0m stage [32mrun-make[0m and container [32mstep-place-tools[0m

Showing logs for build [32mcb-kubecd-bdd-ghfjxy-import-158-qtcnt-1[0m stage [32mrun-make[0m and container [32mstep-create-dir-workspace-r7b5t[0m
{"level":"info","ts":1588131608.445554,"logger":"fallback-logger","caller":"logging/config.go:69","msg":"Fetch GitHub commit ID from kodata failed: open /var/run/ko/HEAD: no such file or directory"}
{"level":"info","ts":1588131608.453579,"logger":"fallback-logger","caller":"bash/main.go:64","msg":"Successfully executed command \"sh -c mkdir -p source\"; output "}

Showing logs for build [32mcb-kubecd-bdd-ghfjxy-import-158-qtcnt-1[0m stage [32mrun-make[0m and container [32mstep-git-source-cb-kubecd-bdd-ghfjxy-import-158-qtcnt-s7qg7[0m
{"level":"info","ts":1588131608.844118,"logger":"fallback-logger","caller":"logging/config.go:69","msg":"Fetch GitHub commit ID from kodata failed: open /var/run/ko/refs/heads/0.8.0-ns-support: no such file or directory"}
{"level":"info","ts":1588131609.9522514,"logger":"fallback-logger","caller":"git/git.go:103","msg":"Successfully cloned https://github.com/cb-kubecd/bdd-ghf**y-import-1588130483.git @ v0.0.1 in path /workspace/source"}

Showing logs for build [32mcb-kubecd-bdd-ghfjxy-import-158-qtcnt-1[0m stage [32mrun-make[0m and container [32mstep-git-merge[0m
Using SHAs from PULL_REFS=master:0decdb25f5f476a374c90cc1dffe9280334066d3
WARNING: no SHAs to merge, falling back to initial cloned commit

Showing logs for build [32mcb-kubecd-bdd-ghfjxy-import-158-qtcnt-1[0m stage [32mrun-make[0m and container [32mstep-setup-jx-git-credentials[0m
Generated Git credentials file /workspace/xdg_config/git/credentials

Showing logs for build [32mcb-kubecd-bdd-ghfjxy-import-158-qtcnt-1[0m stage [32mrun-make[0m and container [32mstep-build-make-build[0m
CGO_ENABLED=0 GO15VENDOREXPERIMENT=1 go build -ldflags '' -o bin/bdd-ghf**y-import-1588130483 main.go

Showing logs for build [32mcb-kubecd-bdd-ghfjxy-import-158-qtcnt-1[0m stage [32mrun-make[0m and container [32mstep-source-mkdir-cb-kubecd-bdd-ghfjxy-import-158-qtcnt-vz9w2[0m
{"level":"info","ts":1588131623.438775,"logger":"fallback-logger","caller":"logging/config.go:69","msg":"Fetch GitHub commit ID from kodata failed: open /var/run/ko/HEAD: no such file or directory"}
{"level":"info","ts":1588131623.513338,"logger":"fallback-logger","caller":"bash/main.go:64","msg":"Successfully executed command \"sh -c mkdir -p /pvc/run-make/workspace\"; output "}

Showing logs for build [32mcb-kubecd-bdd-ghfjxy-import-158-qtcnt-1[0m stage [32mrun-make[0m and container [32mstep-source-copy-cb-kubecd-bdd-ghfjxy-import-158-qtcnt-5d4q4[0m
{"level":"info","ts":1588131623.7978969,"logger":"fallback-logger","caller":"logging/config.go:69","msg":"Fetch GitHub commit ID from kodata failed: open /var/run/ko/HEAD: no such file or directory"}
{"level":"info","ts":1588131623.8187819,"logger":"fallback-logger","caller":"bash/main.go:64","msg":"Successfully executed command \"sh -c cp -r source/. /pvc/run-make/workspace\"; output "}

Showing logs for build [32mcb-kubecd-bdd-ghfjxy-import-158-qtcnt-1[0m stage [32meverything-else[0m and container [32mstep-credential-initializer-rj6gf[0m
{"level":"info","ts":1588131627.3930633,"logger":"fallback-logger","caller":"logging/config.go:69","msg":"Fetch GitHub commit ID from kodata failed: open /var/run/ko/refs/heads/0.8.0-ns-support: no such file or directory"}
{"level":"info","ts":1588131627.3936203,"logger":"fallback-logger","caller":"creds-init/main.go:40","msg":"Credentials initialized."}

Showing logs for build [32mcb-kubecd-bdd-ghfjxy-import-158-qtcnt-1[0m stage [32meverything-else[0m and container [32mstep-working-dir-initializer-r5l95[0m
{"level":"info","ts":1588131628.5858612,"logger":"fallback-logger","caller":"logging/config.go:69","msg":"Fetch GitHub commit ID from kodata failed: open /var/run/ko/HEAD: no such file or directory"}
{"level":"info","ts":1588131628.5892148,"logger":"fallback-logger","caller":"bash/main.go:64","msg":"Successfully executed command \"sh -c mkdir -p /workspace/source\"; output "}

Showing logs for build [32mcb-kubecd-bdd-ghfjxy-import-158-qtcnt-1[0m stage [32meverything-else[0m and container [32mstep-place-tools[0m

Showing logs for build [32mcb-kubecd-bdd-ghfjxy-import-158-qtcnt-1[0m stage [32meverything-else[0m and container [32mstep-create-dir-workspace-c2kxh[0m
{"level":"info","ts":1588131638.7618537,"logger":"fallback-logger","caller":"logging/config.go:69","msg":"Fetch GitHub commit ID from kodata failed: open /var/run/ko/HEAD: no such file or directory"}
{"level":"info","ts":1588131638.7636402,"logger":"fallback-logger","caller":"bash/main.go:64","msg":"Successfully executed command \"sh -c mkdir -p /workspace/source\"; output "}

Showing logs for build [32mcb-kubecd-bdd-ghfjxy-import-158-qtcnt-1[0m stage [32meverything-else[0m and container [32mstep-source-copy-workspace-qdjbg[0m
{"level":"info","ts":1588131639.11727,"logger":"fallback-logger","caller":"logging/config.go:69","msg":"Fetch GitHub commit ID from kodata failed: open /var/run/ko/HEAD: no such file or directory"}
{"level":"info","ts":1588131639.3356707,"logger":"fallback-logger","caller":"bash/main.go:64","msg":"Successfully executed command \"sh -c cp -r /pvc/run-make/workspace/. /workspace/source\"; output "}

Showing logs for build [32mcb-kubecd-bdd-ghfjxy-import-158-qtcnt-1[0m stage [32meverything-else[0m and container [32mstep-build-container-build[0m
[36mINFO[0m[0000] No base image, nothing to extract            
[36mINFO[0m[0000] cmd: EXPOSE                                  
[36mINFO[0m[0000] Adding exposed port: 8080/tcp                
[36mINFO[0m[0000] Using files from context: [/workspace/source/bin] 
[36mINFO[0m[0000] Skipping unpacking as no commands require it. 
[36mINFO[0m[0000] Taking snapshot of full filesystem...        
[36mINFO[0m[0000] EXPOSE 8080                                  
[36mINFO[0m[0000] cmd: EXPOSE                                  
[36mINFO[0m[0000] Adding exposed port: 8080/tcp                
[36mINFO[0m[0000] No files changed in this command, skipping snapshotting. 
[36mINFO[0m[0000] ENTRYPOINT ["/bdd-ghf**y-import-1588130483"] 
[36mINFO[0m[0000] No files changed in this command, skipping snapshotting. 
[36mINFO[0m[0000] Using files from context: [/workspace/source/bin] 
[36mINFO[0m[0000] COPY ./bin/ /                                
[36mINFO[0m[0000] Taking snapshot of files...                  
2020/04/29 03:40:43 pushed blob: sha256:3fc85c3e6f6f4593f2dd9045153fed54afbb10300111c169f9fd2a742cf5da4e
2020/04/29 03:40:43 pushed blob: sha256:62732246c42083144503758282622761d61a3ce8bfab8e7209d2be0046ac857e
2020/04/29 03:40:45 gcr.io/jenkins-x-bdd3/bdd-ghf**y-import-1588130483:0.0.1: digest: sha256:a0eb67bf674fb194de2ee1323983fbcb9485778db94debf9c1edf9fddc2537a7 size: 428

Showing logs for build [32mcb-kubecd-bdd-ghfjxy-import-158-qtcnt-1[0m stage [32meverything-else[0m and container [32mstep-build-post-build[0m
no CVE provider running in the current ** namespace so skip adding image to be analysed

Showing logs for build [32mcb-kubecd-bdd-ghfjxy-import-158-qtcnt-1[0m stage [32meverything-else[0m and container [32mstep-promote-changelog[0m
Converted /workspace/source to an unshallow repository
Generating change log from git ref 19ab937e94ce992e7392951ded1993b9e5d7cb44 => 84d049c1ef7146bc05c2f82983679af001f1c3d8
Associating user x-0 in users.jenkins.io with email c**d-bot@cloudbees.com to git GitProvider user with login -0 as emails match
Adding label jenkins.io/git-github-userid=-0 to user x-0 in users.jenkins.io
WARNING: Failed to enrich commit 0decdb25f5f476a374c90cc1dffe9280334066d3 with issues: User.jenkins.io "x-0" is invalid: metadata.labels: Invalid value: "-0": a valid label must be an empty string or consist of alphanumeric characters, '-', '_' or '.', and must start and end with an alphanumeric character (e.g. 'MyValue',  or 'my_value',  or '12345', regex used for validation is '(([A-Za-z0-9][-A-Za-z0-9_.]*)?[A-Za-z0-9])?')
Associating user x-0 in users.jenkins.io with email c**d-bot@cloudbees.com to git GitProvider user with login -0 as emails match
Adding label jenkins.io/git-github-userid=-0 to user x-0 in users.jenkins.io
WARNING: Failed to enrich commit 0decdb25f5f476a374c90cc1dffe9280334066d3 with issues: User.jenkins.io "x-0" is invalid: metadata.labels: Invalid value: "-0": a valid label must be an empty string or consist of alphanumeric characters, '-', '_' or '.', and must start and end with an alphanumeric character (e.g. 'MyValue',  or 'my_value',  or '12345', regex used for validation is '(([A-Za-z0-9][-A-Za-z0-9_.]*)?[A-Za-z0-9])?')
Finding issues in commit messages using git format
WARNING: No release found for cb-kubecd/bdd-ghf**y-import-1588130483 and tag v0.0.1 so creating a new release
Updated the release information at https://github.com/cb-kubecd/bdd-ghf**y-import-1588130483/releases/tag/v0.0.1
generated: /workspace/source/charts/bdd-ghf**y-import-1588130483/templates/release.yaml
Created Release bdd-ghf**y-import-1588130483-0-0-1 resource in namespace **
Updating PipelineActivity cb-kubecd-bdd-ghf**y-import-1588130483-master-1 with version 0.0.1
Updated PipelineActivities cb-kubecd-bdd-ghf**y-import-1588130483-master-1 with release notes URL: https://github.com/cb-kubecd/bdd-ghf**y-import-1588130483/releases/tag/v0.0.1

Showing logs for build [32mcb-kubecd-bdd-ghfjxy-import-158-qtcnt-1[0m stage [32meverything-else[0m and container [32mstep-promote-helm-release[0m
WARNING: No $CHART_REPOSITORY defined so using the default value of: http://jenkins-x-chartmuseum:8080
Adding missing Helm repo: storage.googleapis.com https://storage.googleapis.com/chartmuseum.jenkins-x.io
WARNING: No secrets found on "helm/repos" due: reading the secret "helm/repos" from vault: no secret "helm/repos" not found in vault
Read credentials for https://storage.googleapis.com/chartmuseum.jenkins-x.io from vault helm/repos
Successfully added Helm repository storage.googleapis.com.
Adding missing Helm repo: jenkins-x-chartmuseum http://jenkins-x-chartmuseum:8080
WARNING: No secrets found on "helm/repos" due: reading the secret "helm/repos" from vault: no secret "helm/repos" not found in vault
Read credentials for http://jenkins-x-chartmuseum:8080 from vault helm/repos
Successfully added Helm repository jenkins-x-chartmuseum.
WARNING: No $CHART_REPOSITORY defined so using the default value of: http://jenkins-x-chartmuseum:8080
Uploading chart file bdd-ghf**y-import-1588130483-0.0.1.tgz to http://jenkins-x-chartmuseum:8080/api/charts
Received 201 response: {"saved":true}

Showing logs for build [32mcb-kubecd-bdd-ghfjxy-import-158-qtcnt-1[0m stage [32meverything-else[0m and container [32mstep-promote-jx-promote[0m
WARNING: prow based install so skip waiting for the merge of Pull Requests to go green as currently there is an issue with gettingstatuses from the PR, see https://github.com/jenkins-x/**/issues/2410
WARNING: No $CHART_REPOSITORY defined so using the default value of: http://jenkins-x-chartmuseum:8080
Promoting app bdd-ghf**y-import-1588130483 version 0.0.1 to namespace **-staging
WARNING: 
Created Pull Request: https://github.com/cb-kubecd/environment-pr-211-1-boot-gke-staging/pull/7
Added label updatebot to Pull Request https://github.com/cb-kubecd/environment-pr-211-1-boot-gke-staging/pull/7
got git provider status pending from PR https://github.com/cb-kubecd/environment-pr-211-1-boot-gke-staging/pull/7
got git provider status pending from PR https://github.com/cb-kubecd/environment-pr-211-1-boot-gke-staging/pull/7
got git provider status pending from PR https://github.com/cb-kubecd/environment-pr-211-1-boot-gke-staging/pull/7
got git provider status pending from PR https://github.com/cb-kubecd/environment-pr-211-1-boot-gke-staging/pull/7
got git provider status pending from PR https://github.com/cb-kubecd/environment-pr-211-1-boot-gke-staging/pull/7
got git provider status pending from PR https://github.com/cb-kubecd/environment-pr-211-1-boot-gke-staging/pull/7
got git provider status pending from PR https://github.com/cb-kubecd/environment-pr-211-1-boot-gke-staging/pull/7
got git provider status pending from PR https://github.com/cb-kubecd/environment-pr-211-1-boot-gke-staging/pull/7
got git provider status pending from PR https://github.com/cb-kubecd/environment-pr-211-1-boot-gke-staging/pull/7
Pull Request https://github.com/cb-kubecd/environment-pr-211-1-boot-gke-staging/pull/7 is merged at sha 8942451c194ec297aab49d34d2445cbc1d44a164
Pull Request merged but we are not waiting for the update pipeline to complete!
WARNING: Could not find the service URL in namespace **-staging for names bdd-ghf**y-import-1588130483, **-bdd-ghf**y-import-1588130483, **-staging-bdd-ghf**y-import-1588130483
